# JRE version: OpenJDK Runtime Environment (11.0.12+7) (build 11.0.12+7-b1504.28-7817840)
# Java VM: OpenJDK 64-Bit Server VM (11.0.12+7-b1504.28-7817840, mixed mode, tiered, compressed oops, g1 gc, windows-amd64)
Heap:
 garbage-first heap   total 129024K, used 85096K [0x0000000080000000, 0x0000000100000000)
  region size 1024K, 22 young (22528K), 6 survivors (6144K)
 Metaspace       used 83815K, capacity 85681K, committed 85932K, reserved 1124352K
  class space    used 10989K, capacity 11733K, committed 11776K, reserved 1048576K
GC Heap History (20 events):
Event: 82.106 GC heap before
{Heap before GC invocations=9 (full 0):
 garbage-first heap   total 129024K, used 92120K [0x0000000080000000, 0x0000000100000000)
  region size 1024K, 64 young (65536K), 3 survivors (3072K)
 Metaspace       used 48426K, capacity 49678K, committed 49920K, reserved 1093632K
  class space    used 6195K, capacity 6655K, committed 6656K, reserved 1048576K
}
Event: 82.112 GC heap after
{Heap after GC invocations=10 (full 0):
 garbage-first heap   total 129024K, used 31643K [0x0000000080000000, 0x0000000100000000)
  region size 1024K, 5 young (5120K), 5 survivors (5120K)
 Metaspace       used 48426K, capacity 49678K, committed 49920K, reserved 1093632K
  class space    used 6195K, capacity 6655K, committed 6656K, reserved 1048576K
}
Event: 108.471 GC heap before
{Heap before GC invocations=10 (full 0):
 garbage-first heap   total 129024K, used 101275K [0x0000000080000000, 0x0000000100000000)
  region size 1024K, 66 young (67584K), 5 survivors (5120K)
 Metaspace       used 54471K, capacity 55775K, committed 55936K, reserved 1097728K
  class space    used 6964K, capacity 7453K, committed 7552K, reserved 1048576K
}
Event: 108.482 GC heap after
{Heap after GC invocations=11 (full 0):
 garbage-first heap   total 129024K, used 49096K [0x0000000080000000, 0x0000000100000000)
  region size 1024K, 9 young (9216K), 9 survivors (9216K)
 Metaspace       used 54471K, capacity 55775K, committed 55936K, reserved 1097728K
  class space    used 6964K, capacity 7453K, committed 7552K, reserved 1048576K
}
Event: 109.338 GC heap before
{Heap before GC invocations=11 (full 0):
 garbage-first heap   total 129024K, used 75720K [0x0000000080000000, 0x0000000100000000)
  region size 1024K, 36 young (36864K), 9 survivors (9216K)
 Metaspace       used 58325K, capacity 59775K, committed 59948K, reserved 1101824K
  class space    used 7433K, capacity 7993K, committed 8064K, reserved 1048576K
}
Event: 109.353 GC heap after
{Heap after GC invocations=12 (full 0):
 garbage-first heap   total 129024K, used 50469K [0x0000000080000000, 0x0000000100000000)
  region size 1024K, 2 young (2048K), 2 survivors (2048K)
 Metaspace       used 58325K, capacity 59775K, committed 59948K, reserved 1101824K
  class space    used 7433K, capacity 7993K, committed 8064K, reserved 1048576K
}
Event: 110.289 GC heap before
{Heap before GC invocations=13 (full 0):
 garbage-first heap   total 129024K, used 90405K [0x0000000080000000, 0x0000000100000000)
  region size 1024K, 42 young (43008K), 2 survivors (2048K)
 Metaspace       used 62933K, capacity 64424K, committed 64556K, reserved 1105920K
  class space    used 7994K, capacity 8557K, committed 8576K, reserved 1048576K
}
Event: 110.295 GC heap after
{Heap after GC invocations=14 (full 0):
 garbage-first heap   total 129024K, used 54101K [0x0000000080000000, 0x0000000100000000)
  region size 1024K, 5 young (5120K), 5 survivors (5120K)
 Metaspace       used 62933K, capacity 64424K, committed 64556K, reserved 1105920K
  class space    used 7994K, capacity 8557K, committed 8576K, reserved 1048576K
}
Event: 111.411 GC heap before
{Heap before GC invocations=14 (full 0):
 garbage-first heap   total 129024K, used 95061K [0x0000000080000000, 0x0000000100000000)
  region size 1024K, 45 young (46080K), 5 survivors (5120K)
 Metaspace       used 66443K, capacity 67918K, committed 68140K, reserved 1107968K
  class space    used 8456K, capacity 9052K, committed 9088K, reserved 1048576K
}
Event: 111.418 GC heap after
{Heap after GC invocations=15 (full 0):
 garbage-first heap   total 129024K, used 56182K [0x0000000080000000, 0x0000000100000000)
  region size 1024K, 3 young (3072K), 3 survivors (3072K)
 Metaspace       used 66443K, capacity 67918K, committed 68140K, reserved 1107968K
  class space    used 8456K, capacity 9052K, committed 9088K, reserved 1048576K
}
Event: 112.316 GC heap before
{Heap before GC invocations=15 (full 0):
 garbage-first heap   total 129024K, used 97142K [0x0000000080000000, 0x0000000100000000)
  region size 1024K, 43 young (44032K), 3 survivors (3072K)
 Metaspace       used 67842K, capacity 69463K, committed 69676K, reserved 1110016K
  class space    used 8631K, capacity 9223K, committed 9344K, reserved 1048576K
}
Event: 112.326 GC heap after
{Heap after GC invocations=16 (full 0):
 garbage-first heap   total 129024K, used 59204K [0x0000000080000000, 0x0000000100000000)
  region size 1024K, 6 young (6144K), 6 survivors (6144K)
 Metaspace       used 67842K, capacity 69463K, committed 69676K, reserved 1110016K
  class space    used 8631K, capacity 9223K, committed 9344K, reserved 1048576K
}
Event: 113.918 GC heap before
{Heap before GC invocations=16 (full 0):
 garbage-first heap   total 129024K, used 99140K [0x0000000080000000, 0x0000000100000000)
  region size 1024K, 45 young (46080K), 6 survivors (6144K)
 Metaspace       used 71427K, capacity 73042K, committed 73260K, reserved 1112064K
  class space    used 9217K, capacity 9842K, committed 9856K, reserved 1048576K
}
Event: 113.933 GC heap after
{Heap after GC invocations=17 (full 0):
 garbage-first heap   total 129024K, used 61894K [0x0000000080000000, 0x0000000100000000)
  region size 1024K, 3 young (3072K), 3 survivors (3072K)
 Metaspace       used 71427K, capacity 73042K, committed 73260K, reserved 1112064K
  class space    used 9217K, capacity 9842K, committed 9856K, reserved 1048576K
}
Event: 122.559 GC heap before
{Heap before GC invocations=17 (full 0):
 garbage-first heap   total 129024K, used 101830K [0x0000000080000000, 0x0000000100000000)
  region size 1024K, 42 young (43008K), 3 survivors (3072K)
 Metaspace       used 75140K, capacity 76776K, committed 76972K, reserved 1116160K
  class space    used 9762K, capacity 10410K, committed 10496K, reserved 1048576K
}
Event: 122.586 GC heap after
{Heap after GC invocations=18 (full 0):
 garbage-first heap   total 129024K, used 64708K [0x0000000080000000, 0x0000000100000000)
  region size 1024K, 6 young (6144K), 6 survivors (6144K)
 Metaspace       used 75140K, capacity 76776K, committed 76972K, reserved 1116160K
  class space    used 9762K, capacity 10410K, committed 10496K, reserved 1048576K
}
Event: 135.261 GC heap before
{Heap before GC invocations=19 (full 0):
 garbage-first heap   total 129024K, used 103620K [0x0000000080000000, 0x0000000100000000)
  region size 1024K, 44 young (45056K), 6 survivors (6144K)
 Metaspace       used 78187K, capacity 79885K, committed 80172K, reserved 1118208K
  class space    used 10177K, capacity 10835K, committed 10880K, reserved 1048576K
}
Event: 135.271 GC heap after
{Heap after GC invocations=20 (full 0):
 garbage-first heap   total 129024K, used 66909K [0x0000000080000000, 0x0000000100000000)
  region size 1024K, 6 young (6144K), 6 survivors (6144K)
 Metaspace       used 78187K, capacity 79885K, committed 80172K, reserved 1118208K
  class space    used 10177K, capacity 10835K, committed 10880K, reserved 1048576K
}
Event: 136.546 GC heap before
{Heap before GC invocations=20 (full 0):
 garbage-first heap   total 129024K, used 104797K [0x0000000080000000, 0x0000000100000000)
  region size 1024K, 43 young (44032K), 6 survivors (6144K)
 Metaspace       used 82297K, capacity 84066K, committed 84396K, reserved 1122304K
  class space    used 10724K, capacity 11405K, committed 11520K, reserved 1048576K
}
Event: 136.560 GC heap after
{Heap after GC invocations=21 (full 0):
 garbage-first heap   total 129024K, used 69736K [0x0000000080000000, 0x0000000100000000)
  region size 1024K, 6 young (6144K), 6 survivors (6144K)
 Metaspace       used 82297K, capacity 84066K, committed 84396K, reserved 1122304K
  class space    used 10724K, capacity 11405K, committed 11520K, reserved 1048576K
}

